<?xml version="1.0" encoding="UTF-8"?>
<testng-results ignored="3" total="4" passed="1" failed="0" skipped="0">
  <reporter-output>
  </reporter-output>
  <suite started-at="2025-03-16T11:24:34 PDT" name="Suite" finished-at="2025-03-16T11:24:44 PDT" duration-ms="10566">
    <groups>
      <group name="ErrorHandling">
        <method signature="ErrorValidationsTest.LoginErrorValidation()[pri:0, instance:rahulshettyacademy.tests.ErrorValidationsTest@40cb8df7]" name="LoginErrorValidation" class="rahulshettyacademy.tests.ErrorValidationsTest"/>
      </group> <!-- ErrorHandling -->
    </groups>
    <test started-at="2025-03-16T11:24:34 PDT" name="Submit Order Test" finished-at="2025-03-16T11:24:34 PDT" duration-ms="16">
    </test> <!-- Submit Order Test -->
    <test started-at="2025-03-16T11:24:34 PDT" name="Error Validations Test" finished-at="2025-03-16T11:24:44 PDT" duration-ms="10566">
      <class name="rahulshettyacademy.tests.ErrorValidationsTest">
        <test-method is-config="true" signature="launchApplication()[pri:0, instance:rahulshettyacademy.tests.ErrorValidationsTest@40cb8df7]" started-at="2025-03-16T11:24:34 PDT" name="launchApplication" finished-at="2025-03-16T11:24:40 PDT" duration-ms="5977" status="PASS">
          <reporter-output>
          </reporter-output>
        </test-method> <!-- launchApplication -->
        <test-method signature="LoginErrorValidation()[pri:0, instance:rahulshettyacademy.tests.ErrorValidationsTest@40cb8df7]" started-at="2025-03-16T11:24:40 PDT" name="LoginErrorValidation" finished-at="2025-03-16T11:24:44 PDT" duration-ms="4176" status="PASS">
          <reporter-output>
          </reporter-output>
        </test-method> <!-- LoginErrorValidation -->
        <test-method is-config="true" signature="tearDown()[pri:0, instance:rahulshettyacademy.tests.ErrorValidationsTest@40cb8df7]" started-at="2025-03-16T11:24:44 PDT" name="tearDown" finished-at="2025-03-16T11:24:44 PDT" duration-ms="192" status="PASS">
          <reporter-output>
          </reporter-output>
        </test-method> <!-- tearDown -->
      </class> <!-- rahulshettyacademy.tests.ErrorValidationsTest -->
    </test> <!-- Error Validations Test -->
  </suite> <!-- Suite -->
</testng-results>
